<?xml version="1.0" encoding="UTF-8"?>
<!-- Generated by org.testng.reporters.JUnitReportReporter -->
<testsuite hostname="97.0.168.192.in-addr.arpa" name="TestRest" tests="9" failures="0" timestamp="1 Jul 2016 18:31:32 GMT" time="5.207" errors="0">
  <testcase name="ConnectTest" time="1.151" classname="TestRest"/>
  <testcase name="testInputs" time="0.725" classname="TestRest"/>
  <testcase name="testInputs" time="0.600" classname="TestRest"/>
  <testcase name="testInputs" time="0.601" classname="TestRest"/>
  <testcase name="testInputs" time="0.626" classname="TestRest"/>
  <testcase name="testInputs" time="0.312" classname="TestRest"/>
  <testcase name="testInputs" time="0.538" classname="TestRest"/>
  <testcase name="testInputs" time="0.610" classname="TestRest"/>
  <testcase name="testInputs" time="0.044" classname="TestRest"/>
</testsuite> <!-- TestRest -->
