<?xml version="1.0" encoding="UTF-8"?>
<!-- Generated by org.testng.reporters.JUnitReportReporter -->
<testsuite hostname="Ecaterinas-Air" name="TestXmlGetter" tests="7" failures="0" timestamp="1 Jul 2016 11:54:19 GMT" time="4.603" errors="0">
  <testcase name="testGetter" time="0.600" classname="TestXmlGetter"/>
  <testcase name="testGetter" time="0.583" classname="TestXmlGetter"/>
  <testcase name="testGetter" time="0.541" classname="TestXmlGetter"/>
  <testcase name="testGetter" time="1.215" classname="TestXmlGetter"/>
  <testcase name="testGetter" time="0.617" classname="TestXmlGetter"/>
  <testcase name="testGetter" time="0.498" classname="TestXmlGetter"/>
  <testcase name="testGetter" time="0.549" classname="TestXmlGetter"/>
</testsuite> <!-- TestXmlGetter -->
